*** Using Compiler 'V5.06 update 7 (build 960)', folder: 'C:\Program Files\KEIL\ARM\ARMCC\Bin'
Build target 'Target 1'
compiling os_mbox.c...
.\ucos2\Ports\os_cpu.h(1): error:  #11-D: unrecognized preprocessing directive
  #ifnedf __OS_CPU_H
.\ucos2\Ports\os_cpu.h(45): warning:  #1295-D: Deprecated declaration Port_SaveSR - give arg types
  extern OS_CPU_SR Port_SaveSR();
.\ucos2\Ports\os_cpu.h(58): error:  #36: the #if for this directive is missing
  #endif
ucos2\Source\os_mbox.c: 1 warning, 2 errors
compiling app_hooks.c...
.\ucos2\Ports\os_cpu.h(1): error:  #11-D: unrecognized preprocessing directive
  #ifnedf __OS_CPU_H
.\ucos2\Ports\os_cpu.h(45): warning:  #1295-D: Deprecated declaration Port_SaveSR - give arg types
  extern OS_CPU_SR Port_SaveSR();
.\ucos2\Ports\os_cpu.h(58): error:  #36: the #if for this directive is missing
  #endif
ucos2\Cfg\Template\app_hooks.c: 1 warning, 2 errors
compiling os_flag.c...
.\ucos2\Ports\os_cpu.h(1): error:  #11-D: unrecognized preprocessing directive
  #ifnedf __OS_CPU_H
.\ucos2\Ports\os_cpu.h(45): warning:  #1295-D: Deprecated declaration Port_SaveSR - give arg types
  extern OS_CPU_SR Port_SaveSR();
.\ucos2\Ports\os_cpu.h(58): error:  #36: the #if for this directive is missing
  #endif
ucos2\Source\os_flag.c: 1 warning, 2 errors
compiling os_time.c...
.\ucos2\Ports\os_cpu.h(1): error:  #11-D: unrecognized preprocessing directive
  #ifnedf __OS_CPU_H
.\ucos2\Ports\os_cpu.h(45): warning:  #1295-D: Deprecated declaration Port_SaveSR - give arg types
  extern OS_CPU_SR Port_SaveSR();
.\ucos2\Ports\os_cpu.h(58): error:  #36: the #if for this directive is missing
  #endif
ucos2\Source\os_time.c: 1 warning, 2 errors
compiling os_dbg_r.c...
.\ucos2\Ports\os_cpu.h(1): error:  #11-D: unrecognized preprocessing directive
  #ifnedf __OS_CPU_H
.\ucos2\Ports\os_cpu.h(45): warning:  #1295-D: Deprecated declaration Port_SaveSR - give arg types
  extern OS_CPU_SR Port_SaveSR();
.\ucos2\Ports\os_cpu.h(58): error:  #36: the #if for this directive is missing
  #endif
ucos2\Source\os_dbg_r.c: 1 warning, 2 errors
compiling os_tmr.c...
.\ucos2\Ports\os_cpu.h(1): error:  #11-D: unrecognized preprocessing directive
  #ifnedf __OS_CPU_H
.\ucos2\Ports\os_cpu.h(45): warning:  #1295-D: Deprecated declaration Port_SaveSR - give arg types
  extern OS_CPU_SR Port_SaveSR();
.\ucos2\Ports\os_cpu.h(58): error:  #36: the #if for this directive is missing
  #endif
ucos2\Source\os_tmr.c: 1 warning, 2 errors
compiling os_core.c...
.\ucos2\Ports\os_cpu.h(1): error:  #11-D: unrecognized preprocessing directive
  #ifnedf __OS_CPU_H
.\ucos2\Ports\os_cpu.h(45): warning:  #1295-D: Deprecated declaration Port_SaveSR - give arg types
  extern OS_CPU_SR Port_SaveSR();
.\ucos2\Ports\os_cpu.h(58): error:  #36: the #if for this directive is missing
  #endif
ucos2\Source\os_core.c(723): warning:  #223-D: function "OSIntCtxSw" declared implicitly
                      OSIntCtxSw();                          /* Perform interrupt level ctx switch       */
ucos2\Source\os_core.c(876): warning:  #223-D: function "OSStartHighRdy" declared implicitly
          OSStartHighRdy();                            /* Execute target specific code to start task     */
ucos2\Source\os_core.c(1727): warning:  #223-D: function "OSCtxSw" declared implicitly
                  OS_TASK_SW();                          /* Perform a context switch                     */
ucos2\Source\os_core.c: 4 warnings, 2 errors
compiling os_mutex.c...
.\ucos2\Ports\os_cpu.h(1): error:  #11-D: unrecognized preprocessing directive
  #ifnedf __OS_CPU_H
.\ucos2\Ports\os_cpu.h(45): warning:  #1295-D: Deprecated declaration Port_SaveSR - give arg types
  extern OS_CPU_SR Port_SaveSR();
.\ucos2\Ports\os_cpu.h(58): error:  #36: the #if for this directive is missing
  #endif
ucos2\Source\os_mutex.c: 1 warning, 2 errors
compiling os_mem.c...
.\ucos2\Ports\os_cpu.h(1): error:  #11-D: unrecognized preprocessing directive
  #ifnedf __OS_CPU_H
.\ucos2\Ports\os_cpu.h(45): warning:  #1295-D: Deprecated declaration Port_SaveSR - give arg types
  extern OS_CPU_SR Port_SaveSR();
.\ucos2\Ports\os_cpu.h(58): error:  #36: the #if for this directive is missing
  #endif
ucos2\Source\os_mem.c: 1 warning, 2 errors
compiling os_sem.c...
.\ucos2\Ports\os_cpu.h(1): error:  #11-D: unrecognized preprocessing directive
  #ifnedf __OS_CPU_H
.\ucos2\Ports\os_cpu.h(45): warning:  #1295-D: Deprecated declaration Port_SaveSR - give arg types
  extern OS_CPU_SR Port_SaveSR();
.\ucos2\Ports\os_cpu.h(58): error:  #36: the #if for this directive is missing
  #endif
ucos2\Source\os_sem.c: 1 warning, 2 errors
compiling os_q.c...
.\ucos2\Ports\os_cpu.h(1): error:  #11-D: unrecognized preprocessing directive
  #ifnedf __OS_CPU_H
.\ucos2\Ports\os_cpu.h(45): warning:  #1295-D: Deprecated declaration Port_SaveSR - give arg types
  extern OS_CPU_SR Port_SaveSR();
.\ucos2\Ports\os_cpu.h(58): error:  #36: the #if for this directive is missing
  #endif
ucos2\Source\os_q.c: 1 warning, 2 errors
compiling os_task.c...
.\ucos2\Ports\os_cpu.h(1): error:  #11-D: unrecognized preprocessing directive
  #ifnedf __OS_CPU_H
.\ucos2\Ports\os_cpu.h(45): warning:  #1295-D: Deprecated declaration Port_SaveSR - give arg types
  extern OS_CPU_SR Port_SaveSR();
.\ucos2\Ports\os_cpu.h(58): error:  #36: the #if for this directive is missing
  #endif
ucos2\Source\os_task.c: 1 warning, 2 errors
assembling os_cpu_a.s...
ucos2\Ports\os_cpu_a.s(8): error: A1163E: Unknown opcode OSStartHighRdy , expecting opcode or Macro
ucos2\Ports\os_cpu_a.s(9): error: A1163E: Unknown opcode OSCtxSw , expecting opcode or Macro
ucos2\Ports\os_cpu_a.s(10): error: A1163E: Unknown opcode OSIntCtxSw , expecting opcode or Macro
ucos2\Ports\os_cpu_a.s(11): error: A1163E: Unknown opcode OSTickISR , expecting opcode or Macro
ucos2\Ports\os_cpu_a.s(12): error: A1163E: Unknown opcode Port_SaveSR , expecting opcode or Macro
ucos2\Ports\os_cpu_a.s(13): error: A1163E: Unknown opcode Port_RestoreSR , expecting opcode or Macro
ucos2\Ports\os_cpu_a.s(15): error: A1163E: Unknown opcode |.text|, , expecting opcode or Macro
ucos2\Ports\os_cpu_a.s(20): error: A1163E: Unknown opcode Port_SaveSR , expecting opcode or Macro
ucos2\Ports\os_cpu_a.s(21): error: A1105E: Area directive missing
ucos2\Ports\os_cpu_a.s(21): warning: A1088W: Faking declaration of area AREA |$$$$$$$|
ucos2\Ports\os_cpu_a.s(28): error: A1167E: Invalid line start 
ucos2\Ports\os_cpu_a.s(30): warning: A1313W: Missing END directive at end of file
compiling os_cpu_c.c...
.\ucos2\Ports\os_cpu.h(1): error:  #11-D: unrecognized preprocessing directive
  #ifnedf __OS_CPU_H
.\ucos2\Ports\os_cpu.h(45): warning:  #1295-D: Deprecated declaration Port_SaveSR - give arg types
  extern OS_CPU_SR Port_SaveSR();
.\ucos2\Ports\os_cpu.h(58): error:  #36: the #if for this directive is missing
  #endif
ucos2\Ports\os_cpu_c.c(47): error:  #20: identifier "p_stk" is undefined
  	stk = (OS_STK *)((OS_STK)(p_stk)&0xFFFFFFF8u);
ucos2\Ports\os_cpu_c.c: 1 warning, 3 errors
".\Objects\third.axf" - 37 Error(s), 18 Warning(s).
Target not created.
Build Time Elapsed:  00:00:04
