


ARM Macro Assembler    Page 1 


    1 00000000 00000400 
                       Stack_Size
                               EQU              0x00000400
    2 00000000         
    3 00000000                 AREA             STACK, NOINIT, READWRITE, ALIGN
=3
    4 00000000         Stack_Mem
                               SPACE            Stack_Size
    5 00000400         __initial_sp
    6 00000400         
    7 00000400 00000200 
                       Heap_Size
                               EQU              0x00000200
    8 00000400         
    9 00000400                 AREA             HEAP, NOINIT, READWRITE, ALIGN=
3
   10 00000000         __heap_base
   11 00000000         Heap_Mem
                               SPACE            Heap_Size
   12 00000200         __heap_limit
   13 00000200         
   14 00000200                 PRESERVE8
   15 00000200                 THUMB
   16 00000200         
   17 00000200         ; Vector Table Mapped to Address 0 at Reset
   18 00000200                 AREA             RESET, DATA, READONLY
   19 00000000                 EXPORT           __Vectors
   20 00000000                 EXPORT           __Vectors_End
   21 00000000                 EXPORT           __Vectors_Size
   22 00000000         
   23 00000000 00000000 
                       __Vectors
                               DCD              __initial_sp ; Top of Stack
   24 00000004 00000000        DCD              Reset_Handler ; Reset Handler
   25 00000008 00000000        DCD              NMI_Handler ; NMI Handler
   26 0000000C 00000000        DCD              HardFault_Handler ; Hard Fault 
                                                            Handler
   27 00000010 00000000        DCD              MemManage_Handler 
                                                            ; MPU Fault Handler
                                                            
   28 00000014 00000000        DCD              BusFault_Handler 
                                                            ; Bus Fault Handler
                                                            
   29 00000018 00000000        DCD              UsageFault_Handler ; Usage Faul
                                                            t Handler
   30 0000001C 00000000        DCD              0           ; Reserved
   31 00000020 00000000        DCD              0           ; Reserved
   32 00000024 00000000        DCD              0           ; Reserved
   33 00000028 00000000        DCD              0           ; Reserved
   34 0000002C 00000000        DCD              SVC_Handler ; SVCall Handler
   35 00000030 00000000        DCD              DebugMon_Handler ; Debug Monito
                                                            r Handler
   36 00000034 00000000        DCD              0           ; Reserved
   37 00000038 00000000        DCD              PendSV_Handler ; PendSV Handler
                                                            
   38 0000003C 00000000        DCD              SysTick_Handler 
                                                            ; SysTick Handler
   39 00000040         ;                DCD     OSTickISR              ; SysTic
                       k Handler



ARM Macro Assembler    Page 2 


   40 00000040         
   41 00000040         ; External Interrupts
   42 00000040 00000000        DCD              WWDG_IRQHandler ; Window WatchD
                                                            og                 
                                                                               
                                                                
   43 00000044 00000000        DCD              PVD_IRQHandler ; PVD through EX
                                                            TI Line detection  
                                                                               
                                                               
   44 00000048 00000000        DCD              TAMP_STAMP_IRQHandler ; Tamper 
                                                            and TimeStamps thro
                                                            ugh the EXTI line  
                                                                      
   45 0000004C 00000000        DCD              RTC_WKUP_IRQHandler ; RTC Wakeu
                                                            p through the EXTI 
                                                            line               
                                                                    
   46 00000050 00000000        DCD              FLASH_IRQHandler ; FLASH       
                                                                               
                                                                             
   47 00000054 00000000        DCD              RCC_IRQHandler ; RCC           
                                                                               
                                                                           
   48 00000058 00000000        DCD              EXTI0_IRQHandler ; EXTI Line0  
                                                                               
                                                                               
                                                                 
   49 0000005C 00000000        DCD              EXTI1_IRQHandler ; EXTI Line1  
                                                                               
                                                                               
                                                                 
   50 00000060 00000000        DCD              EXTI2_IRQHandler ; EXTI Line2  
                                                                               
                                                                               
                                                                 
   51 00000064 00000000        DCD              EXTI3_IRQHandler ; EXTI Line3  
                                                                               
                                                                               
                                                                 
   52 00000068 00000000        DCD              EXTI4_IRQHandler ; EXTI Line4  
                                                                               
                                                                               
                                                                 
   53 0000006C 00000000        DCD              DMA1_Stream0_IRQHandler ; DMA1 
                                                            Stream 0           
                                                                               
                                                                 
   54 00000070 00000000        DCD              DMA1_Stream1_IRQHandler ; DMA1 
                                                            Stream 1           
                                                                               
                                                                 
   55 00000074 00000000        DCD              DMA1_Stream2_IRQHandler ; DMA1 
                                                            Stream 2           
                                                                               
                                                                 
   56 00000078 00000000        DCD              DMA1_Stream3_IRQHandler ; DMA1 
                                                            Stream 3           
                                                                               



ARM Macro Assembler    Page 3 


                                                                 
   57 0000007C 00000000        DCD              DMA1_Stream4_IRQHandler ; DMA1 
                                                            Stream 4           
                                                                               
                                                                 
   58 00000080 00000000        DCD              DMA1_Stream5_IRQHandler ; DMA1 
                                                            Stream 5           
                                                                               
                                                                 
   59 00000084 00000000        DCD              DMA1_Stream6_IRQHandler ; DMA1 
                                                            Stream 6           
                                                                               
                                                                 
   60 00000088 00000000        DCD              ADC_IRQHandler ; ADC1, ADC2 and
                                                             ADC3s             
                                                                           
   61 0000008C 00000000        DCD              0           ; Reserved         
                                                                               
                                                                               
                                                             
   62 00000090 00000000        DCD              0           ; Reserved         
                                                                               
                                                                               
                                                            
   63 00000094 00000000        DCD              0           ; Reserved         
                                                                               
                                                                             
   64 00000098 00000000        DCD              0           ; Reserved         
                                                                               
                                                                               
                                                            
   65 0000009C 00000000        DCD              EXTI9_5_IRQHandler ; External L
                                                            ine[9:5]s          
                                                                               
                                                                   
   66 000000A0 00000000        DCD              TIM1_BRK_TIM9_IRQHandler ; TIM1
                                                             Break and TIM9    
                                                                           
   67 000000A4 00000000        DCD              TIM1_UP_TIM10_IRQHandler ; TIM1
                                                             Update and TIM10  
                                                                           
   68 000000A8 00000000        DCD              TIM1_TRG_COM_TIM11_IRQHandler ;
                                                             TIM1 Trigger and C
                                                            ommutation and TIM1
                                                            1
   69 000000AC 00000000        DCD              TIM1_CC_IRQHandler ; TIM1 Captu
                                                            re Compare         
                                                                               
                                                                   
   70 000000B0 00000000        DCD              TIM2_IRQHandler ; TIM2         
                                                                               
                                                                            
   71 000000B4 00000000        DCD              TIM3_IRQHandler ; TIM3         
                                                                               
                                                                            
   72 000000B8 00000000        DCD              TIM4_IRQHandler ; TIM4         
                                                                               
                                                                            
   73 000000BC 00000000        DCD              I2C1_EV_IRQHandler ; I2C1 Event



ARM Macro Assembler    Page 4 


                                                                               
                                                                               
                                                                   
   74 000000C0 00000000        DCD              I2C1_ER_IRQHandler ; I2C1 Error
                                                                               
                                                                               
                                                                   
   75 000000C4 00000000        DCD              I2C2_EV_IRQHandler ; I2C2 Event
                                                                               
                                                                               
                                                                   
   76 000000C8 00000000        DCD              I2C2_ER_IRQHandler ; I2C2 Error
                                                                               
                                                                               
                                                                     
   77 000000CC 00000000        DCD              SPI1_IRQHandler ; SPI1         
                                                                               
                                                                            
   78 000000D0 00000000        DCD              SPI2_IRQHandler ; SPI2         
                                                                               
                                                                            
   79 000000D4 00000000        DCD              USART1_IRQHandler ; USART1     
                                                                               
                                                                              
   80 000000D8 00000000        DCD              USART2_IRQHandler ; USART2     
                                                                               
                                                                              
   81 000000DC 00000000        DCD              0           ; Reserved         
                                                                               
                                                                          
   82 000000E0 00000000        DCD              EXTI15_10_IRQHandler ; External
                                                             Line[15:10]s      
                                                                               
                                                                     
   83 000000E4 00000000        DCD              RTC_Alarm_IRQHandler ; RTC Alar
                                                            m (A and B) through
                                                             EXTI Line         
                                                                     
   84 000000E8 00000000        DCD              OTG_FS_WKUP_IRQHandler ; USB OT
                                                            G FS Wakeup through
                                                             EXTI line         
                                                                           
   85 000000EC 00000000        DCD              0           ; Reserved         
                                                                     
   86 000000F0 00000000        DCD              0           ; Reserved         
                                                                    
   87 000000F4 00000000        DCD              0           ; Reserved
   88 000000F8 00000000        DCD              0           ; Reserved         
                                                                               
                                                                   
   89 000000FC 00000000        DCD              DMA1_Stream7_IRQHandler ; DMA1 
                                                            Stream7            
                                                                               
                                                                        
   90 00000100 00000000        DCD              0           ; Reserved         
                                                                               
                                                                             
   91 00000104 00000000        DCD              SDIO_IRQHandler ; SDIO         
                                                                               



ARM Macro Assembler    Page 5 


                                                                            
   92 00000108 00000000        DCD              TIM5_IRQHandler ; TIM5         
                                                                               
                                                                            
   93 0000010C 00000000        DCD              SPI3_IRQHandler ; SPI3         
                                                                               
                                                                            
   94 00000110 00000000        DCD              0           ; Reserved         
                                                                               
                                                                           
   95 00000114 00000000        DCD              0           ; Reserved         
                                                                               
                                                                           
   96 00000118 00000000        DCD              0           ; Reserved         
                                                                      
   97 0000011C 00000000        DCD              0           ; Reserved         
                                                                      
   98 00000120 00000000        DCD              DMA2_Stream0_IRQHandler ; DMA2 
                                                            Stream 0           
                                                                               
                                                                 
   99 00000124 00000000        DCD              DMA2_Stream1_IRQHandler ; DMA2 
                                                            Stream 1           
                                                                               
                                                                 
  100 00000128 00000000        DCD              DMA2_Stream2_IRQHandler ; DMA2 
                                                            Stream 2           
                                                                               
                                                                 
  101 0000012C 00000000        DCD              DMA2_Stream3_IRQHandler ; DMA2 
                                                            Stream 3           
                                                                               
                                                                 
  102 00000130 00000000        DCD              DMA2_Stream4_IRQHandler 
                                                            ; DMA2 Stream 4
  103 00000134 00000000        DCD              0           ; Reserved  
  104 00000138 00000000        DCD              0           ; Reserved  
  105 0000013C 00000000        DCD              0           ; Reserved         
                                                                               
                                                                              
  106 00000140 00000000        DCD              0           ; Reserved         
                                                                               
                                                                               
                                                            
  107 00000144 00000000        DCD              0           ; Reserved         
                                                                               
                                                                               
                                                            
  108 00000148 00000000        DCD              0           ; Reserved         
                                                                               
                                                                               
                                                            
  109 0000014C 00000000        DCD              OTG_FS_IRQHandler ; USB OTG FS 
                                                                               
                                                                              
  110 00000150 00000000        DCD              DMA2_Stream5_IRQHandler ; DMA2 
                                                            Stream 5           
                                                                               
                                                                 



ARM Macro Assembler    Page 6 


  111 00000154 00000000        DCD              DMA2_Stream6_IRQHandler ; DMA2 
                                                            Stream 6           
                                                                               
                                                                 
  112 00000158 00000000        DCD              DMA2_Stream7_IRQHandler ; DMA2 
                                                            Stream 7           
                                                                               
                                                                 
  113 0000015C 00000000        DCD              USART6_IRQHandler ; USART6     
                                                                               
                                                                               
                                                            
  114 00000160 00000000        DCD              I2C3_EV_IRQHandler ; I2C3 event
                                                                               
                                                                               
                                                                   
  115 00000164 00000000        DCD              I2C3_ER_IRQHandler ; I2C3 error
                                                                               
                                                                               
                                                                   
  116 00000168 00000000        DCD              0           ; Reserved         
                                                                        
  117 0000016C 00000000        DCD              0           ; Reserved         
                                                                          
  118 00000170 00000000        DCD              0           ; Reserved         
                                                                            
  119 00000174 00000000        DCD              0           ; Reserved         
                                                                               
                                                                    
  120 00000178 00000000        DCD              0           ; Reserved  
  121 0000017C 00000000        DCD              0           ; Reserved         
                                                                               
                                                                  
  122 00000180 00000000        DCD              0           ; Reserved
  123 00000184 00000000        DCD              FPU_IRQHandler ; FPU
  124 00000188 00000000        DCD              0           ; Reserved
  125 0000018C 00000000        DCD              0           ; Reserved
  126 00000190 00000000        DCD              SPI4_IRQHandler ; SPI4
  127 00000194         
  128 00000194         __Vectors_End
  129 00000194         
  130 00000194 00000194 
                       __Vectors_Size
                               EQU              __Vectors_End - __Vectors
  131 00000194         
  132 00000194         
  133 00000194                 AREA             |.text|, CODE, READONLY
  134 00000000         ; Reset handler
  135 00000000         Reset_Handler
                               PROC
  136 00000000                 EXPORT           Reset_Handler             [WEAK
]
  137 00000000                 IMPORT           my_SystemInit
  138 00000000                 IMPORT           my__main
  139 00000000         
  140 00000000 4809            LDR              R0, =my_SystemInit
  141 00000002 4780            BLX              R0
  142 00000004 4809            LDR              R0, =my__main
  143 00000006 4700            BX               R0



ARM Macro Assembler    Page 7 


  144 00000008                 ENDP
  145 00000008         ; Dummy Exception Handlers (infinite loops which can be 
                       modified)
  146 00000008         
  147 00000008         NMI_Handler
                               PROC
  148 00000008                 EXPORT           NMI_Handler                [WEA
K]
  149 00000008 E7FE            B                .
  150 0000000A                 ENDP
  152 0000000A         HardFault_Handler
                               PROC
  153 0000000A                 EXPORT           HardFault_Handler          [WEA
K]
  154 0000000A E7FE            B                .
  155 0000000C                 ENDP
  157 0000000C         MemManage_Handler
                               PROC
  158 0000000C                 EXPORT           MemManage_Handler          [WEA
K]
  159 0000000C E7FE            B                .
  160 0000000E                 ENDP
  162 0000000E         BusFault_Handler
                               PROC
  163 0000000E                 EXPORT           BusFault_Handler           [WEA
K]
  164 0000000E E7FE            B                .
  165 00000010                 ENDP
  167 00000010         UsageFault_Handler
                               PROC
  168 00000010                 EXPORT           UsageFault_Handler         [WEA
K]
  169 00000010 E7FE            B                .
  170 00000012                 ENDP
  171 00000012         SVC_Handler
                               PROC
  172 00000012                 EXPORT           SVC_Handler                [WEA
K]
  173 00000012 E7FE            B                .
  174 00000014                 ENDP
  176 00000014         DebugMon_Handler
                               PROC
  177 00000014                 EXPORT           DebugMon_Handler           [WEA
K]
  178 00000014 E7FE            B                .
  179 00000016                 ENDP
  180 00000016         PendSV_Handler
                               PROC
  181 00000016                 EXPORT           PendSV_Handler             [WEA
K]
  182 00000016 E7FE            B                .
  183 00000018                 ENDP
  184 00000018         SysTick_Handler
                               PROC
  185 00000018                 EXPORT           SysTick_Handler            [WEA
K]
  186 00000018 E7FE            B                .
  187 0000001A                 ENDP
  188 0000001A         ;OSTickISR   PROC



ARM Macro Assembler    Page 8 


  189 0000001A         ;                EXPORT  OSTickISR            [WEAK]
  190 0000001A         ;                B       .
  191 0000001A         ;                ENDP
  192 0000001A         
  193 0000001A         Default_Handler
                               PROC
  194 0000001A         
  195 0000001A                 EXPORT           WWDG_IRQHandler                
   [WEAK]
  196 0000001A                 EXPORT           PVD_IRQHandler                 
   [WEAK]
  197 0000001A                 EXPORT           TAMP_STAMP_IRQHandler          
   [WEAK]
  198 0000001A                 EXPORT           RTC_WKUP_IRQHandler            
   [WEAK]
  199 0000001A                 EXPORT           FLASH_IRQHandler               
   [WEAK]
  200 0000001A                 EXPORT           RCC_IRQHandler                 
   [WEAK]
  201 0000001A                 EXPORT           EXTI0_IRQHandler               
   [WEAK]
  202 0000001A                 EXPORT           EXTI1_IRQHandler               
   [WEAK]
  203 0000001A                 EXPORT           EXTI2_IRQHandler               
   [WEAK]
  204 0000001A                 EXPORT           EXTI3_IRQHandler               
   [WEAK]
  205 0000001A                 EXPORT           EXTI4_IRQHandler               
   [WEAK]
  206 0000001A                 EXPORT           DMA1_Stream0_IRQHandler        
   [WEAK]
  207 0000001A                 EXPORT           DMA1_Stream1_IRQHandler        
   [WEAK]
  208 0000001A                 EXPORT           DMA1_Stream2_IRQHandler        
   [WEAK]
  209 0000001A                 EXPORT           DMA1_Stream3_IRQHandler        
   [WEAK]
  210 0000001A                 EXPORT           DMA1_Stream4_IRQHandler        
   [WEAK]
  211 0000001A                 EXPORT           DMA1_Stream5_IRQHandler        
   [WEAK]
  212 0000001A                 EXPORT           DMA1_Stream6_IRQHandler        
   [WEAK]
  213 0000001A                 EXPORT           ADC_IRQHandler                 
   [WEAK]
  214 0000001A                 EXPORT           EXTI9_5_IRQHandler             
   [WEAK]
  215 0000001A                 EXPORT           TIM1_BRK_TIM9_IRQHandler       
   [WEAK]
  216 0000001A                 EXPORT           TIM1_UP_TIM10_IRQHandler       
   [WEAK]
  217 0000001A                 EXPORT           TIM1_TRG_COM_TIM11_IRQHandler  
   [WEAK]
  218 0000001A                 EXPORT           TIM1_CC_IRQHandler             
   [WEAK]
  219 0000001A                 EXPORT           TIM2_IRQHandler                
   [WEAK]
  220 0000001A                 EXPORT           TIM3_IRQHandler                
   [WEAK]



ARM Macro Assembler    Page 9 


  221 0000001A                 EXPORT           TIM4_IRQHandler                
   [WEAK]
  222 0000001A                 EXPORT           I2C1_EV_IRQHandler             
   [WEAK]
  223 0000001A                 EXPORT           I2C1_ER_IRQHandler             
   [WEAK]
  224 0000001A                 EXPORT           I2C2_EV_IRQHandler             
   [WEAK]
  225 0000001A                 EXPORT           I2C2_ER_IRQHandler             
   [WEAK]
  226 0000001A                 EXPORT           SPI1_IRQHandler                
   [WEAK]
  227 0000001A                 EXPORT           SPI2_IRQHandler                
   [WEAK]
  228 0000001A                 EXPORT           USART1_IRQHandler              
   [WEAK]
  229 0000001A                 EXPORT           USART2_IRQHandler              
   [WEAK]
  230 0000001A                 EXPORT           EXTI15_10_IRQHandler           
   [WEAK]
  231 0000001A                 EXPORT           RTC_Alarm_IRQHandler           
   [WEAK]
  232 0000001A                 EXPORT           OTG_FS_WKUP_IRQHandler         
   [WEAK]
  233 0000001A                 EXPORT           DMA1_Stream7_IRQHandler        
   [WEAK]
  234 0000001A                 EXPORT           SDIO_IRQHandler                
   [WEAK]
  235 0000001A                 EXPORT           TIM5_IRQHandler                
   [WEAK]
  236 0000001A                 EXPORT           SPI3_IRQHandler                
   [WEAK]
  237 0000001A                 EXPORT           DMA2_Stream0_IRQHandler        
   [WEAK]
  238 0000001A                 EXPORT           DMA2_Stream1_IRQHandler        
   [WEAK]
  239 0000001A                 EXPORT           DMA2_Stream2_IRQHandler        
   [WEAK]
  240 0000001A                 EXPORT           DMA2_Stream3_IRQHandler        
   [WEAK]
  241 0000001A                 EXPORT           DMA2_Stream4_IRQHandler        
   [WEAK]
  242 0000001A                 EXPORT           OTG_FS_IRQHandler              
   [WEAK]
  243 0000001A                 EXPORT           DMA2_Stream5_IRQHandler        
   [WEAK]
  244 0000001A                 EXPORT           DMA2_Stream6_IRQHandler        
   [WEAK]
  245 0000001A                 EXPORT           DMA2_Stream7_IRQHandler        
   [WEAK]
  246 0000001A                 EXPORT           USART6_IRQHandler              
   [WEAK]
  247 0000001A                 EXPORT           I2C3_EV_IRQHandler             
   [WEAK]
  248 0000001A                 EXPORT           I2C3_ER_IRQHandler             
   [WEAK]
  249 0000001A                 EXPORT           FPU_IRQHandler                 
   [WEAK]
  250 0000001A                 EXPORT           SPI4_IRQHandler                



ARM Macro Assembler    Page 10 


   [WEAK]
  251 0000001A         
  252 0000001A         WWDG_IRQHandler
  253 0000001A         PVD_IRQHandler
  254 0000001A         TAMP_STAMP_IRQHandler
  255 0000001A         RTC_WKUP_IRQHandler
  256 0000001A         FLASH_IRQHandler
  257 0000001A         RCC_IRQHandler
  258 0000001A         EXTI0_IRQHandler
  259 0000001A         EXTI1_IRQHandler
  260 0000001A         EXTI2_IRQHandler
  261 0000001A         EXTI3_IRQHandler
  262 0000001A         EXTI4_IRQHandler
  263 0000001A         DMA1_Stream0_IRQHandler
  264 0000001A         DMA1_Stream1_IRQHandler
  265 0000001A         DMA1_Stream2_IRQHandler
  266 0000001A         DMA1_Stream3_IRQHandler
  267 0000001A         DMA1_Stream4_IRQHandler
  268 0000001A         DMA1_Stream5_IRQHandler
  269 0000001A         DMA1_Stream6_IRQHandler
  270 0000001A         ADC_IRQHandler
  271 0000001A         EXTI9_5_IRQHandler
  272 0000001A         TIM1_BRK_TIM9_IRQHandler
  273 0000001A         TIM1_UP_TIM10_IRQHandler
  274 0000001A         TIM1_TRG_COM_TIM11_IRQHandler
  275 0000001A         TIM1_CC_IRQHandler
  276 0000001A         TIM2_IRQHandler
  277 0000001A         TIM3_IRQHandler
  278 0000001A         TIM4_IRQHandler
  279 0000001A         I2C1_EV_IRQHandler
  280 0000001A         I2C1_ER_IRQHandler
  281 0000001A         I2C2_EV_IRQHandler
  282 0000001A         I2C2_ER_IRQHandler
  283 0000001A         SPI1_IRQHandler
  284 0000001A         SPI2_IRQHandler
  285 0000001A         USART1_IRQHandler
  286 0000001A         USART2_IRQHandler
  287 0000001A         EXTI15_10_IRQHandler
  288 0000001A         RTC_Alarm_IRQHandler
  289 0000001A         OTG_FS_WKUP_IRQHandler
  290 0000001A         DMA1_Stream7_IRQHandler
  291 0000001A         SDIO_IRQHandler
  292 0000001A         TIM5_IRQHandler
  293 0000001A         SPI3_IRQHandler
  294 0000001A         DMA2_Stream0_IRQHandler
  295 0000001A         DMA2_Stream1_IRQHandler
  296 0000001A         DMA2_Stream2_IRQHandler
  297 0000001A         DMA2_Stream3_IRQHandler
  298 0000001A         DMA2_Stream4_IRQHandler
  299 0000001A         OTG_FS_IRQHandler
  300 0000001A         DMA2_Stream5_IRQHandler
  301 0000001A         DMA2_Stream6_IRQHandler
  302 0000001A         DMA2_Stream7_IRQHandler
  303 0000001A         USART6_IRQHandler
  304 0000001A         I2C3_EV_IRQHandler
  305 0000001A         I2C3_ER_IRQHandler
  306 0000001A         FPU_IRQHandler
  307 0000001A         SPI4_IRQHandler
  308 0000001A         



ARM Macro Assembler    Page 11 


  309 0000001A E7FE            B                .
  310 0000001C         
  311 0000001C                 ENDP
  312 0000001C         
  313 0000001C                 ALIGN
  314 0000001C         
  315 0000001C         ;*******************************************************
                       ************************
  316 0000001C         ; User Stack and Heap initialization
  317 0000001C         ;*******************************************************
                       ************************
  318 0000001C                 IF               :DEF:__MICROLIB
  325 0000001C         
  326 0000001C                 IMPORT           __use_two_region_memory
  327 0000001C                 EXPORT           __user_initial_stackheap
  328 0000001C         
  329 0000001C         __user_initial_stackheap
  330 0000001C         
  331 0000001C 4804            LDR              R0, =  Heap_Mem
  332 0000001E 4905            LDR              R1, =(Stack_Mem + Stack_Size)
  333 00000020 4A05            LDR              R2, = (Heap_Mem +  Heap_Size)
  334 00000022 4B06            LDR              R3, = Stack_Mem
  335 00000024 4770            BX               LR
  336 00000026         
  337 00000026 00 00           ALIGN
  338 00000028         
  339 00000028                 ENDIF
  340 00000028         
  341 00000028                 END
              00000000 
              00000000 
              00000000 
              00000400 
              00000200 
              00000000 
Command Line: --debug --xref --diag_suppress=9931 --cpu=Cortex-M4.fp.sp --apcs=
interwork --depend=.\objects\my_start.d -o.\objects\my_start.o -I.\RTE\_Target_
1 -IC:\Users\Zeeeen1126\AppData\Local\Arm\Packs\ARM\CMSIS\5.8.0\CMSIS\Core\Incl
ude -IC:\Users\Zeeeen1126\AppData\Local\Arm\Packs\Keil\STM32F4xx_DFP\2.16.0\Dri
vers\CMSIS\Device\ST\STM32F4xx\Include --predefine="__UVISION_VERSION SETA 536"
 --predefine="_RTE_ SETA 1" --predefine="STM32F401xE SETA 1" --predefine="_RTE_
 SETA 1" --list=.\listings\my_start.lst Start\my_start.s



ARM Macro Assembler    Page 1 Alphabetic symbol ordering
Relocatable symbols

STACK 00000000

Symbol: STACK
   Definitions
      At line 3 in file Start\my_start.s
   Uses
      None
Comment: STACK unused
Stack_Mem 00000000

Symbol: Stack_Mem
   Definitions
      At line 4 in file Start\my_start.s
   Uses
      At line 332 in file Start\my_start.s
      At line 334 in file Start\my_start.s

__initial_sp 00000400

Symbol: __initial_sp
   Definitions
      At line 5 in file Start\my_start.s
   Uses
      At line 23 in file Start\my_start.s
Comment: __initial_sp used once
3 symbols



ARM Macro Assembler    Page 1 Alphabetic symbol ordering
Relocatable symbols

HEAP 00000000

Symbol: HEAP
   Definitions
      At line 9 in file Start\my_start.s
   Uses
      None
Comment: HEAP unused
Heap_Mem 00000000

Symbol: Heap_Mem
   Definitions
      At line 11 in file Start\my_start.s
   Uses
      At line 331 in file Start\my_start.s
      At line 333 in file Start\my_start.s

__heap_base 00000000

Symbol: __heap_base
   Definitions
      At line 10 in file Start\my_start.s
   Uses
      None
Comment: __heap_base unused
__heap_limit 00000200

Symbol: __heap_limit
   Definitions
      At line 12 in file Start\my_start.s
   Uses
      None
Comment: __heap_limit unused
4 symbols



ARM Macro Assembler    Page 1 Alphabetic symbol ordering
Relocatable symbols

RESET 00000000

Symbol: RESET
   Definitions
      At line 18 in file Start\my_start.s
   Uses
      None
Comment: RESET unused
__Vectors 00000000

Symbol: __Vectors
   Definitions
      At line 23 in file Start\my_start.s
   Uses
      At line 19 in file Start\my_start.s
      At line 130 in file Start\my_start.s

__Vectors_End 00000194

Symbol: __Vectors_End
   Definitions
      At line 128 in file Start\my_start.s
   Uses
      At line 20 in file Start\my_start.s
      At line 130 in file Start\my_start.s

3 symbols



ARM Macro Assembler    Page 1 Alphabetic symbol ordering
Relocatable symbols

.text 00000000

Symbol: .text
   Definitions
      At line 133 in file Start\my_start.s
   Uses
      None
Comment: .text unused
ADC_IRQHandler 0000001A

Symbol: ADC_IRQHandler
   Definitions
      At line 270 in file Start\my_start.s
   Uses
      At line 60 in file Start\my_start.s
      At line 213 in file Start\my_start.s

BusFault_Handler 0000000E

Symbol: BusFault_Handler
   Definitions
      At line 162 in file Start\my_start.s
   Uses
      At line 28 in file Start\my_start.s
      At line 163 in file Start\my_start.s

DMA1_Stream0_IRQHandler 0000001A

Symbol: DMA1_Stream0_IRQHandler
   Definitions
      At line 263 in file Start\my_start.s
   Uses
      At line 53 in file Start\my_start.s
      At line 206 in file Start\my_start.s

DMA1_Stream1_IRQHandler 0000001A

Symbol: DMA1_Stream1_IRQHandler
   Definitions
      At line 264 in file Start\my_start.s
   Uses
      At line 54 in file Start\my_start.s
      At line 207 in file Start\my_start.s

DMA1_Stream2_IRQHandler 0000001A

Symbol: DMA1_Stream2_IRQHandler
   Definitions
      At line 265 in file Start\my_start.s
   Uses
      At line 55 in file Start\my_start.s
      At line 208 in file Start\my_start.s

DMA1_Stream3_IRQHandler 0000001A

Symbol: DMA1_Stream3_IRQHandler
   Definitions
      At line 266 in file Start\my_start.s
   Uses



ARM Macro Assembler    Page 2 Alphabetic symbol ordering
Relocatable symbols

      At line 56 in file Start\my_start.s
      At line 209 in file Start\my_start.s

DMA1_Stream4_IRQHandler 0000001A

Symbol: DMA1_Stream4_IRQHandler
   Definitions
      At line 267 in file Start\my_start.s
   Uses
      At line 57 in file Start\my_start.s
      At line 210 in file Start\my_start.s

DMA1_Stream5_IRQHandler 0000001A

Symbol: DMA1_Stream5_IRQHandler
   Definitions
      At line 268 in file Start\my_start.s
   Uses
      At line 58 in file Start\my_start.s
      At line 211 in file Start\my_start.s

DMA1_Stream6_IRQHandler 0000001A

Symbol: DMA1_Stream6_IRQHandler
   Definitions
      At line 269 in file Start\my_start.s
   Uses
      At line 59 in file Start\my_start.s
      At line 212 in file Start\my_start.s

DMA1_Stream7_IRQHandler 0000001A

Symbol: DMA1_Stream7_IRQHandler
   Definitions
      At line 290 in file Start\my_start.s
   Uses
      At line 89 in file Start\my_start.s
      At line 233 in file Start\my_start.s

DMA2_Stream0_IRQHandler 0000001A

Symbol: DMA2_Stream0_IRQHandler
   Definitions
      At line 294 in file Start\my_start.s
   Uses
      At line 98 in file Start\my_start.s
      At line 237 in file Start\my_start.s

DMA2_Stream1_IRQHandler 0000001A

Symbol: DMA2_Stream1_IRQHandler
   Definitions
      At line 295 in file Start\my_start.s
   Uses
      At line 99 in file Start\my_start.s
      At line 238 in file Start\my_start.s

DMA2_Stream2_IRQHandler 0000001A




ARM Macro Assembler    Page 3 Alphabetic symbol ordering
Relocatable symbols

Symbol: DMA2_Stream2_IRQHandler
   Definitions
      At line 296 in file Start\my_start.s
   Uses
      At line 100 in file Start\my_start.s
      At line 239 in file Start\my_start.s

DMA2_Stream3_IRQHandler 0000001A

Symbol: DMA2_Stream3_IRQHandler
   Definitions
      At line 297 in file Start\my_start.s
   Uses
      At line 101 in file Start\my_start.s
      At line 240 in file Start\my_start.s

DMA2_Stream4_IRQHandler 0000001A

Symbol: DMA2_Stream4_IRQHandler
   Definitions
      At line 298 in file Start\my_start.s
   Uses
      At line 102 in file Start\my_start.s
      At line 241 in file Start\my_start.s

DMA2_Stream5_IRQHandler 0000001A

Symbol: DMA2_Stream5_IRQHandler
   Definitions
      At line 300 in file Start\my_start.s
   Uses
      At line 110 in file Start\my_start.s
      At line 243 in file Start\my_start.s

DMA2_Stream6_IRQHandler 0000001A

Symbol: DMA2_Stream6_IRQHandler
   Definitions
      At line 301 in file Start\my_start.s
   Uses
      At line 111 in file Start\my_start.s
      At line 244 in file Start\my_start.s

DMA2_Stream7_IRQHandler 0000001A

Symbol: DMA2_Stream7_IRQHandler
   Definitions
      At line 302 in file Start\my_start.s
   Uses
      At line 112 in file Start\my_start.s
      At line 245 in file Start\my_start.s

DebugMon_Handler 00000014

Symbol: DebugMon_Handler
   Definitions
      At line 176 in file Start\my_start.s
   Uses
      At line 35 in file Start\my_start.s



ARM Macro Assembler    Page 4 Alphabetic symbol ordering
Relocatable symbols

      At line 177 in file Start\my_start.s

Default_Handler 0000001A

Symbol: Default_Handler
   Definitions
      At line 193 in file Start\my_start.s
   Uses
      None
Comment: Default_Handler unused
EXTI0_IRQHandler 0000001A

Symbol: EXTI0_IRQHandler
   Definitions
      At line 258 in file Start\my_start.s
   Uses
      At line 48 in file Start\my_start.s
      At line 201 in file Start\my_start.s

EXTI15_10_IRQHandler 0000001A

Symbol: EXTI15_10_IRQHandler
   Definitions
      At line 287 in file Start\my_start.s
   Uses
      At line 82 in file Start\my_start.s
      At line 230 in file Start\my_start.s

EXTI1_IRQHandler 0000001A

Symbol: EXTI1_IRQHandler
   Definitions
      At line 259 in file Start\my_start.s
   Uses
      At line 49 in file Start\my_start.s
      At line 202 in file Start\my_start.s

EXTI2_IRQHandler 0000001A

Symbol: EXTI2_IRQHandler
   Definitions
      At line 260 in file Start\my_start.s
   Uses
      At line 50 in file Start\my_start.s
      At line 203 in file Start\my_start.s

EXTI3_IRQHandler 0000001A

Symbol: EXTI3_IRQHandler
   Definitions
      At line 261 in file Start\my_start.s
   Uses
      At line 51 in file Start\my_start.s
      At line 204 in file Start\my_start.s

EXTI4_IRQHandler 0000001A

Symbol: EXTI4_IRQHandler
   Definitions



ARM Macro Assembler    Page 5 Alphabetic symbol ordering
Relocatable symbols

      At line 262 in file Start\my_start.s
   Uses
      At line 52 in file Start\my_start.s
      At line 205 in file Start\my_start.s

EXTI9_5_IRQHandler 0000001A

Symbol: EXTI9_5_IRQHandler
   Definitions
      At line 271 in file Start\my_start.s
   Uses
      At line 65 in file Start\my_start.s
      At line 214 in file Start\my_start.s

FLASH_IRQHandler 0000001A

Symbol: FLASH_IRQHandler
   Definitions
      At line 256 in file Start\my_start.s
   Uses
      At line 46 in file Start\my_start.s
      At line 199 in file Start\my_start.s

FPU_IRQHandler 0000001A

Symbol: FPU_IRQHandler
   Definitions
      At line 306 in file Start\my_start.s
   Uses
      At line 123 in file Start\my_start.s
      At line 249 in file Start\my_start.s

HardFault_Handler 0000000A

Symbol: HardFault_Handler
   Definitions
      At line 152 in file Start\my_start.s
   Uses
      At line 26 in file Start\my_start.s
      At line 153 in file Start\my_start.s

I2C1_ER_IRQHandler 0000001A

Symbol: I2C1_ER_IRQHandler
   Definitions
      At line 280 in file Start\my_start.s
   Uses
      At line 74 in file Start\my_start.s
      At line 223 in file Start\my_start.s

I2C1_EV_IRQHandler 0000001A

Symbol: I2C1_EV_IRQHandler
   Definitions
      At line 279 in file Start\my_start.s
   Uses
      At line 73 in file Start\my_start.s
      At line 222 in file Start\my_start.s




ARM Macro Assembler    Page 6 Alphabetic symbol ordering
Relocatable symbols

I2C2_ER_IRQHandler 0000001A

Symbol: I2C2_ER_IRQHandler
   Definitions
      At line 282 in file Start\my_start.s
   Uses
      At line 76 in file Start\my_start.s
      At line 225 in file Start\my_start.s

I2C2_EV_IRQHandler 0000001A

Symbol: I2C2_EV_IRQHandler
   Definitions
      At line 281 in file Start\my_start.s
   Uses
      At line 75 in file Start\my_start.s
      At line 224 in file Start\my_start.s

I2C3_ER_IRQHandler 0000001A

Symbol: I2C3_ER_IRQHandler
   Definitions
      At line 305 in file Start\my_start.s
   Uses
      At line 115 in file Start\my_start.s
      At line 248 in file Start\my_start.s

I2C3_EV_IRQHandler 0000001A

Symbol: I2C3_EV_IRQHandler
   Definitions
      At line 304 in file Start\my_start.s
   Uses
      At line 114 in file Start\my_start.s
      At line 247 in file Start\my_start.s

MemManage_Handler 0000000C

Symbol: MemManage_Handler
   Definitions
      At line 157 in file Start\my_start.s
   Uses
      At line 27 in file Start\my_start.s
      At line 158 in file Start\my_start.s

NMI_Handler 00000008

Symbol: NMI_Handler
   Definitions
      At line 147 in file Start\my_start.s
   Uses
      At line 25 in file Start\my_start.s
      At line 148 in file Start\my_start.s

OTG_FS_IRQHandler 0000001A

Symbol: OTG_FS_IRQHandler
   Definitions
      At line 299 in file Start\my_start.s



ARM Macro Assembler    Page 7 Alphabetic symbol ordering
Relocatable symbols

   Uses
      At line 109 in file Start\my_start.s
      At line 242 in file Start\my_start.s

OTG_FS_WKUP_IRQHandler 0000001A

Symbol: OTG_FS_WKUP_IRQHandler
   Definitions
      At line 289 in file Start\my_start.s
   Uses
      At line 84 in file Start\my_start.s
      At line 232 in file Start\my_start.s

PVD_IRQHandler 0000001A

Symbol: PVD_IRQHandler
   Definitions
      At line 253 in file Start\my_start.s
   Uses
      At line 43 in file Start\my_start.s
      At line 196 in file Start\my_start.s

PendSV_Handler 00000016

Symbol: PendSV_Handler
   Definitions
      At line 180 in file Start\my_start.s
   Uses
      At line 37 in file Start\my_start.s
      At line 181 in file Start\my_start.s

RCC_IRQHandler 0000001A

Symbol: RCC_IRQHandler
   Definitions
      At line 257 in file Start\my_start.s
   Uses
      At line 47 in file Start\my_start.s
      At line 200 in file Start\my_start.s

RTC_Alarm_IRQHandler 0000001A

Symbol: RTC_Alarm_IRQHandler
   Definitions
      At line 288 in file Start\my_start.s
   Uses
      At line 83 in file Start\my_start.s
      At line 231 in file Start\my_start.s

RTC_WKUP_IRQHandler 0000001A

Symbol: RTC_WKUP_IRQHandler
   Definitions
      At line 255 in file Start\my_start.s
   Uses
      At line 45 in file Start\my_start.s
      At line 198 in file Start\my_start.s

Reset_Handler 00000000



ARM Macro Assembler    Page 8 Alphabetic symbol ordering
Relocatable symbols


Symbol: Reset_Handler
   Definitions
      At line 135 in file Start\my_start.s
   Uses
      At line 24 in file Start\my_start.s
      At line 136 in file Start\my_start.s

SDIO_IRQHandler 0000001A

Symbol: SDIO_IRQHandler
   Definitions
      At line 291 in file Start\my_start.s
   Uses
      At line 91 in file Start\my_start.s
      At line 234 in file Start\my_start.s

SPI1_IRQHandler 0000001A

Symbol: SPI1_IRQHandler
   Definitions
      At line 283 in file Start\my_start.s
   Uses
      At line 77 in file Start\my_start.s
      At line 226 in file Start\my_start.s

SPI2_IRQHandler 0000001A

Symbol: SPI2_IRQHandler
   Definitions
      At line 284 in file Start\my_start.s
   Uses
      At line 78 in file Start\my_start.s
      At line 227 in file Start\my_start.s

SPI3_IRQHandler 0000001A

Symbol: SPI3_IRQHandler
   Definitions
      At line 293 in file Start\my_start.s
   Uses
      At line 93 in file Start\my_start.s
      At line 236 in file Start\my_start.s

SPI4_IRQHandler 0000001A

Symbol: SPI4_IRQHandler
   Definitions
      At line 307 in file Start\my_start.s
   Uses
      At line 126 in file Start\my_start.s
      At line 250 in file Start\my_start.s

SVC_Handler 00000012

Symbol: SVC_Handler
   Definitions
      At line 171 in file Start\my_start.s
   Uses



ARM Macro Assembler    Page 9 Alphabetic symbol ordering
Relocatable symbols

      At line 34 in file Start\my_start.s
      At line 172 in file Start\my_start.s

SysTick_Handler 00000018

Symbol: SysTick_Handler
   Definitions
      At line 184 in file Start\my_start.s
   Uses
      At line 38 in file Start\my_start.s
      At line 185 in file Start\my_start.s

TAMP_STAMP_IRQHandler 0000001A

Symbol: TAMP_STAMP_IRQHandler
   Definitions
      At line 254 in file Start\my_start.s
   Uses
      At line 44 in file Start\my_start.s
      At line 197 in file Start\my_start.s

TIM1_BRK_TIM9_IRQHandler 0000001A

Symbol: TIM1_BRK_TIM9_IRQHandler
   Definitions
      At line 272 in file Start\my_start.s
   Uses
      At line 66 in file Start\my_start.s
      At line 215 in file Start\my_start.s

TIM1_CC_IRQHandler 0000001A

Symbol: TIM1_CC_IRQHandler
   Definitions
      At line 275 in file Start\my_start.s
   Uses
      At line 69 in file Start\my_start.s
      At line 218 in file Start\my_start.s

TIM1_TRG_COM_TIM11_IRQHandler 0000001A

Symbol: TIM1_TRG_COM_TIM11_IRQHandler
   Definitions
      At line 274 in file Start\my_start.s
   Uses
      At line 68 in file Start\my_start.s
      At line 217 in file Start\my_start.s

TIM1_UP_TIM10_IRQHandler 0000001A

Symbol: TIM1_UP_TIM10_IRQHandler
   Definitions
      At line 273 in file Start\my_start.s
   Uses
      At line 67 in file Start\my_start.s
      At line 216 in file Start\my_start.s

TIM2_IRQHandler 0000001A




ARM Macro Assembler    Page 10 Alphabetic symbol ordering
Relocatable symbols

Symbol: TIM2_IRQHandler
   Definitions
      At line 276 in file Start\my_start.s
   Uses
      At line 70 in file Start\my_start.s
      At line 219 in file Start\my_start.s

TIM3_IRQHandler 0000001A

Symbol: TIM3_IRQHandler
   Definitions
      At line 277 in file Start\my_start.s
   Uses
      At line 71 in file Start\my_start.s
      At line 220 in file Start\my_start.s

TIM4_IRQHandler 0000001A

Symbol: TIM4_IRQHandler
   Definitions
      At line 278 in file Start\my_start.s
   Uses
      At line 72 in file Start\my_start.s
      At line 221 in file Start\my_start.s

TIM5_IRQHandler 0000001A

Symbol: TIM5_IRQHandler
   Definitions
      At line 292 in file Start\my_start.s
   Uses
      At line 92 in file Start\my_start.s
      At line 235 in file Start\my_start.s

USART1_IRQHandler 0000001A

Symbol: USART1_IRQHandler
   Definitions
      At line 285 in file Start\my_start.s
   Uses
      At line 79 in file Start\my_start.s
      At line 228 in file Start\my_start.s

USART2_IRQHandler 0000001A

Symbol: USART2_IRQHandler
   Definitions
      At line 286 in file Start\my_start.s
   Uses
      At line 80 in file Start\my_start.s
      At line 229 in file Start\my_start.s

USART6_IRQHandler 0000001A

Symbol: USART6_IRQHandler
   Definitions
      At line 303 in file Start\my_start.s
   Uses
      At line 113 in file Start\my_start.s



ARM Macro Assembler    Page 11 Alphabetic symbol ordering
Relocatable symbols

      At line 246 in file Start\my_start.s

UsageFault_Handler 00000010

Symbol: UsageFault_Handler
   Definitions
      At line 167 in file Start\my_start.s
   Uses
      At line 29 in file Start\my_start.s
      At line 168 in file Start\my_start.s

WWDG_IRQHandler 0000001A

Symbol: WWDG_IRQHandler
   Definitions
      At line 252 in file Start\my_start.s
   Uses
      At line 42 in file Start\my_start.s
      At line 195 in file Start\my_start.s

__user_initial_stackheap 0000001C

Symbol: __user_initial_stackheap
   Definitions
      At line 329 in file Start\my_start.s
   Uses
      At line 327 in file Start\my_start.s
Comment: __user_initial_stackheap used once
69 symbols



ARM Macro Assembler    Page 1 Alphabetic symbol ordering
Absolute symbols

Heap_Size 00000200

Symbol: Heap_Size
   Definitions
      At line 7 in file Start\my_start.s
   Uses
      At line 11 in file Start\my_start.s
      At line 333 in file Start\my_start.s

Stack_Size 00000400

Symbol: Stack_Size
   Definitions
      At line 1 in file Start\my_start.s
   Uses
      At line 4 in file Start\my_start.s
      At line 332 in file Start\my_start.s

__Vectors_Size 00000194

Symbol: __Vectors_Size
   Definitions
      At line 130 in file Start\my_start.s
   Uses
      At line 21 in file Start\my_start.s
Comment: __Vectors_Size used once
3 symbols



ARM Macro Assembler    Page 1 Alphabetic symbol ordering
External symbols

__use_two_region_memory 00000000

Symbol: __use_two_region_memory
   Definitions
      At line 326 in file Start\my_start.s
   Uses
      None
Comment: __use_two_region_memory unused
my_SystemInit 00000000

Symbol: my_SystemInit
   Definitions
      At line 137 in file Start\my_start.s
   Uses
      At line 140 in file Start\my_start.s
Comment: my_SystemInit used once
my__main 00000000

Symbol: my__main
   Definitions
      At line 138 in file Start\my_start.s
   Uses
      At line 142 in file Start\my_start.s
Comment: my__main used once
3 symbols
423 symbols in table
