


ARM Macro Assembler    Page 1 


    1 00000000                 EXTERN           OSRunning
    2 00000000                 EXTERN           OSPrioCur
    3 00000000                 EXTERN           OSPrioHighRdy
    4 00000000                 EXTERN           OSTCBHighRdy
    5 00000000                 EXTERN           OSTCBCur
    6 00000000                 EXTERN           OSTimeTick
    7 00000000                 EXTERN           OSIntExit
    8 00000000                 EXTERN           OSIntEnter
    9 00000000                 EXTERN           OSIntNesting
   10 00000000                 EXTERN           SYSVIEW_TaskSwitchedIn
   11 00000000         
   12 00000000                 EXPORT           OSStartHighRdy
   13 00000000                 EXPORT           OSCtxSw
   14 00000000                 EXPORT           OSIntCtxSw
   15 00000000                 EXPORT           OS_SaveSR
   16 00000000                 EXPORT           OS_RestoreSR
   17 00000000                 EXPORT           SysTick_Handler
   18 00000000                 EXPORT           PendSV_Handler
   19 00000000         
   20 00000000 E000ED22 
                       SCB_PRI_REG_PENDSV
                               EQU              0xE000ED22  ; interrupt priorit
                                                            y register
   21 00000000 E000ED04 
                       NVIC_ICS_REG
                               EQU              0xE000ED04  ; interrupt control
                                                             state register
   22 00000000         
   23 00000000 000000FF 
                       NVIC_PENDSV_PRI
                               EQU              0x000000FF  ; PendSV priority
   24 00000000 10000000 
                       NVIC_PENDSV_SETPEND
                               EQU              0x10000000  ; PendSV set to pen
                                                            d status
   25 00000000         
   26 00000000                 AREA             |.text|, CODE, READONLY, ALIGN=
2
   27 00000000                 THUMB
   28 00000000                 REQUIRE8
   29 00000000                 PRESERVE8
   30 00000000         
   31 00000000         OSStartHighRdy
   32 00000000 B672            CPSID            I
   33 00000002         
   34 00000002         ; set PendSV priority to the lowest
   35 00000002 4851            ldr              r0, =SCB_PRI_REG_PENDSV
   36 00000004 F04F 01FF       ldr              r1, =NVIC_PENDSV_PRI
   37 00000008 6001            str              r1, [r0]
   38 0000000A         
   39 0000000A         ; Set the PSP to 0
   40 0000000A 2000            MOVS             R0, #0
   41 0000000C F380 8809       MSR              PSP, R0
   42 00000010         
   43 00000010         ; OSRunning = TRUE
   44 00000010 484E            ldr              r0, =OSRunning
   45 00000012 F04F 0101       mov              r1, #1
   46 00000016 6001            str              r1, [r0]
   47 00000018         



ARM Macro Assembler    Page 2 


   48 00000018         ; change msp to psp
   49 00000018 F3EF 8114       mrs              r1, CONTROL
   50 0000001C         ; mov r1,#0
   51 0000001C F041 0102       orr              r1, r1, #2
   52 00000020 F381 8814       msr              CONTROL, r1
   53 00000024 F3BF 8F6F       ISB
   54 00000028         
   55 00000028         ; psp = OSTCBHighRdy->OSTCBStkPtr
   56 00000028 4849            ldr              r0, =OSTCBCur
   57 0000002A 6800            ldr              r0, [r0]
   58 0000002C 6800            ldr              r0, [r0]    ; !!!
   59 0000002E F380 8809       msr              psp, r0
   60 00000032         
   61 00000032         ; restore context
   62 00000032 E8BD 0FF0       ldmfd            sp!, {r4-r11}
   63 00000036 F85D EB04       ldmfd            sp!, {lr}   ; exc_return is use
                                                            less
   64 0000003A BC0F            ldmfd            sp!, {r0-r3}
   65 0000003C E8BD 5000       ldmfd            sp!, {r12, lr}
   66 00000040 BC03            ldmfd            sp!, {r1, r0} ; r0(xpsr) is use
                                                            less
   67 00000042         
   68 00000042 B662            CPSIE            I
   69 00000044         
   70 00000044 F040 0001       orr              r0,r0,#0x01
   71 00000048 4700            BX               r0
   72 0000004A         
   73 0000004A         OSCtxSw
   74 0000004A         OSIntCtxSw
   75 0000004A 4842            ldr              r0, =NVIC_ICS_REG
   76 0000004C F04F 5180       ldr              r1, =NVIC_PENDSV_SETPEND
   77 00000050 6802            ldr              r2, [r0]
   78 00000052 EA41 0202       orr              r2, r1, r2
   79 00000056 6002            str              r2, [r0]
   80 00000058 4770            bx               lr
   81 0000005A         
   82 0000005A         PendSV_Handler
   83 0000005A         
   84 0000005A F3EF 8009       mrs              r0, psp     ; old task's psp
   85 0000005E         ; save old task's remaining registers
   86 0000005E         ; lr is automatically updated to EXEC_RETURN
   87 0000005E E920 4FF0       stmfd            r0!, {r4-r11, lr}
   88 00000062         
   89 00000062         ; OSTCBCur->OSTCBStkPtr = psp
   90 00000062 493B            ldr              r1, =OSTCBCur
   91 00000064 680A            ldr              r2, [r1]
   92 00000066 6010            str              r0, [r2]
   93 00000068         
   94 00000068 4674            mov              r4, lr      ; save lr, in case 
                                                            of executing OSTask
                                                            SwHook
   95 0000006A         
   96 0000006A         ;BL      OSTaskSwHook 
   97 0000006A         
   98 0000006A         ; Return with Process Stack by setting EXEC_RETURN
   99 0000006A F044 0E04       orr              lr, r4, #0x04
  100 0000006E         
  101 0000006E         ; OSPrioCur = OSPrioHighRdy;
  102 0000006E 483A            ldr              r0, =OSPrioCur



ARM Macro Assembler    Page 3 


  103 00000070 493A            ldr              r1, =OSPrioHighRdy
  104 00000072 780A            ldrb             r2, [r1]
  105 00000074 7802            ldrb             r2, [r0]
  106 00000076         
  107 00000076         ; OSTCBCur = OSTCBHighRdy
  108 00000076 483A            ldr              r0, =OSTCBHighRdy
  109 00000078 4935            ldr              r1, =OSTCBCur
  110 0000007A 6800            ldr              r0, [r0]
  111 0000007C 6008            str              r0, [r1]
  112 0000007E         
  113 0000007E         ; SYSVIEW 
  114 0000007E B403            push             {r0, r1}
  115 00000080 4608            mov              r0, r1
  116 00000082 F7FF FFFE       bl               SYSVIEW_TaskSwitchedIn
  117 00000086 BC03            pop              {r0, r1}
  118 00000088         
  119 00000088         ; psp = OSTCBCur->OSTCBStkPtr
  120 00000088 6801            ldr              r1, [r0]    ; r1 = sp
  121 0000008A         
  122 0000008A         ;restore new task's registers
  123 0000008A E8B1 4FF0       ldmfd            r1!, {r4-r11, lr}
  124 0000008E F381 8809       msr              psp, r1
  125 00000092         
  126 00000092 4770            bx               lr
  127 00000094         
  128 00000094         
  129 00000094         OS_SaveSR
  130 00000094 B672            cpsid            i
  131 00000096 F3EF 8011       mrs              r0, BASEPRI ; save previous BAS
                                                            EPRI
  132 0000009A F04F 0100       mov              r1, #0      ; set new BASEPRI
  133 0000009E F381 8811       msr              BASEPRI, r1
  134 000000A2 F3BF 8F4F       dsb
  135 000000A6 F3BF 8F6F       isb
  136 000000AA B662            cpsie            i
  137 000000AC 4770            bx               lr
  138 000000AE         
  139 000000AE         OS_RestoreSR
  140 000000AE B672            cpsid            i
  141 000000B0 F380 8811       msr              BASEPRI, r0
  142 000000B4 F3BF 8F4F       dsb
  143 000000B8 F3BF 8F6F       isb
  144 000000BC B662            cpsie            i
  145 000000BE 4770            bx               lr
  146 000000C0         
  147 000000C0         SysTick_Handler
  148 000000C0         
  149 000000C0         ; OS_SaveSR
  150 000000C0 B672            cpsid            i
  151 000000C2 F3EF 8011       mrs              r0, BASEPRI ; save previous BAS
                                                            EPRI
  152 000000C6 F04F 0100       mov              r1, #0      ; set new BASEPRI
  153 000000CA F381 8811       msr              BASEPRI, r1
  154 000000CE F3BF 8F4F       dsb
  155 000000D2 F3BF 8F6F       isb
  156 000000D6 B662            cpsie            i
  157 000000D8         
  158 000000D8         ; OSIntEnter
  159 000000D8 B500            push             {lr}



ARM Macro Assembler    Page 4 


  160 000000DA F7FF FFFE       bl               OSIntEnter
  161 000000DE F85D EB04       pop              {lr}
  162 000000E2         
  163 000000E2         ; OS_RestoreSR
  164 000000E2 B672            cpsid            i
  165 000000E4 F380 8811       msr              BASEPRI, r0
  166 000000E8 F3BF 8F4F       dsb
  167 000000EC F3BF 8F6F       isb
  168 000000F0 B662            cpsie            i
  169 000000F2         
  170 000000F2         ; if OSIntNesting == 1
  171 000000F2 491C            ldr              r1, =OSIntNesting
  172 000000F4 780A            ldrb             r2, [r1]    ;OSIntNesting : int
                                                            8u
  173 000000F6 2A01            cmp              r2, #1
  174 000000F8 D000            beq              OSTickISR_FromTask
  175 000000FA D113            bne              OSTickISR_FromInt
  176 000000FC         
  177 000000FC         OSTickISR_FromTask
  178 000000FC         ; save remained registers & save psp
  179 000000FC F3EF 8009       mrs              r0, psp
  180 00000100 E920 4FF0       stmfd            r0!, {r4-r11, lr}
  181 00000104 F380 8809       msr              psp, r0
  182 00000108 4A11            ldr              r2, =OSTCBCur
  183 0000010A 6813            ldr              r3, [r2]
  184 0000010C 6018            str              r0, [r3]
  185 0000010E F7FF FFFE       bl               OSTimeTick
  186 00000112 F7FF FFFE       bl               OSIntExit
  187 00000116         ; restore remained registers
  188 00000116 F3EF 8009       mrs              r0, psp
  189 0000011A E8B0 4FF0       ldmfd            r0!, {r4-r11, lr}
  190 0000011E F380 8809       msr              psp, r0
  191 00000122 4770            bx               lr
  192 00000124         
  193 00000124         OSTickISR_FromInt
  194 00000124         ; save remained registers
  195 00000124 F3EF 8008       mrs              r0, msp
  196 00000128 E920 4FF0       stmfd            r0!, {r4-r11, lr}
  197 0000012C F380 8808       msr              msp, r0
  198 00000130 F7FF FFFE       bl               OSTimeTick
  199 00000134 F7FF FFFE       bl               OSIntExit
  200 00000138         ; restore remained registers
  201 00000138 F3EF 8008       mrs              r0, msp
  202 0000013C E8B0 4FF0       ldmfd            r0!, {r4-r11, lr}
  203 00000140 F380 8808       msr              msp, r0
  204 00000144 4770            bx               lr
  205 00000146         
  206 00000146 00 00           ALIGN
  207 00000148                 END
              E000ED22 
              00000000 
              00000000 
              E000ED04 
              00000000 
              00000000 
              00000000 
              00000000 
Command Line: --debug --xref --diag_suppress=9931 --cpu=Cortex-M4.fp.sp --apcs=
interwork --depend=.\objects\os_cpu_a.d -o.\objects\os_cpu_a.o -I.\RTE\_Target_



ARM Macro Assembler    Page 5 


1 -IC:\Users\Zeeeen1126\AppData\Local\Arm\Packs\ARM\CMSIS\5.8.0\CMSIS\Core\Incl
ude -IC:\Users\Zeeeen1126\AppData\Local\Arm\Packs\Keil\STM32F4xx_DFP\2.16.0\Dri
vers\CMSIS\Device\ST\STM32F4xx\Include --predefine="__UVISION_VERSION SETA 536"
 --predefine="_RTE_ SETA 1" --predefine="STM32F401xE SETA 1" --predefine="_RTE_
 SETA 1" --list=.\listings\os_cpu_a.lst ucos2\Ports\os_cpu_a.s



ARM Macro Assembler    Page 1 Alphabetic symbol ordering
Relocatable symbols

.text 00000000

Symbol: .text
   Definitions
      At line 26 in file ucos2\Ports\os_cpu_a.s
   Uses
      None
Comment: .text unused
OSCtxSw 0000004A

Symbol: OSCtxSw
   Definitions
      At line 73 in file ucos2\Ports\os_cpu_a.s
   Uses
      At line 13 in file ucos2\Ports\os_cpu_a.s
Comment: OSCtxSw used once
OSIntCtxSw 0000004A

Symbol: OSIntCtxSw
   Definitions
      At line 74 in file ucos2\Ports\os_cpu_a.s
   Uses
      At line 14 in file ucos2\Ports\os_cpu_a.s
Comment: OSIntCtxSw used once
OSStartHighRdy 00000000

Symbol: OSStartHighRdy
   Definitions
      At line 31 in file ucos2\Ports\os_cpu_a.s
   Uses
      At line 12 in file ucos2\Ports\os_cpu_a.s
Comment: OSStartHighRdy used once
OSTickISR_FromInt 00000124

Symbol: OSTickISR_FromInt
   Definitions
      At line 193 in file ucos2\Ports\os_cpu_a.s
   Uses
      At line 175 in file ucos2\Ports\os_cpu_a.s
Comment: OSTickISR_FromInt used once
OSTickISR_FromTask 000000FC

Symbol: OSTickISR_FromTask
   Definitions
      At line 177 in file ucos2\Ports\os_cpu_a.s
   Uses
      At line 174 in file ucos2\Ports\os_cpu_a.s
Comment: OSTickISR_FromTask used once
OS_RestoreSR 000000AE

Symbol: OS_RestoreSR
   Definitions
      At line 139 in file ucos2\Ports\os_cpu_a.s
   Uses
      At line 16 in file ucos2\Ports\os_cpu_a.s
Comment: OS_RestoreSR used once
OS_SaveSR 00000094

Symbol: OS_SaveSR



ARM Macro Assembler    Page 2 Alphabetic symbol ordering
Relocatable symbols

   Definitions
      At line 129 in file ucos2\Ports\os_cpu_a.s
   Uses
      At line 15 in file ucos2\Ports\os_cpu_a.s
Comment: OS_SaveSR used once
PendSV_Handler 0000005A

Symbol: PendSV_Handler
   Definitions
      At line 82 in file ucos2\Ports\os_cpu_a.s
   Uses
      At line 18 in file ucos2\Ports\os_cpu_a.s
Comment: PendSV_Handler used once
SysTick_Handler 000000C0

Symbol: SysTick_Handler
   Definitions
      At line 147 in file ucos2\Ports\os_cpu_a.s
   Uses
      At line 17 in file ucos2\Ports\os_cpu_a.s
Comment: SysTick_Handler used once
10 symbols



ARM Macro Assembler    Page 1 Alphabetic symbol ordering
Absolute symbols

NVIC_ICS_REG E000ED04

Symbol: NVIC_ICS_REG
   Definitions
      At line 21 in file ucos2\Ports\os_cpu_a.s
   Uses
      At line 75 in file ucos2\Ports\os_cpu_a.s
Comment: NVIC_ICS_REG used once
NVIC_PENDSV_PRI 000000FF

Symbol: NVIC_PENDSV_PRI
   Definitions
      At line 23 in file ucos2\Ports\os_cpu_a.s
   Uses
      At line 36 in file ucos2\Ports\os_cpu_a.s
Comment: NVIC_PENDSV_PRI used once
NVIC_PENDSV_SETPEND 10000000

Symbol: NVIC_PENDSV_SETPEND
   Definitions
      At line 24 in file ucos2\Ports\os_cpu_a.s
   Uses
      At line 76 in file ucos2\Ports\os_cpu_a.s
Comment: NVIC_PENDSV_SETPEND used once
SCB_PRI_REG_PENDSV E000ED22

Symbol: SCB_PRI_REG_PENDSV
   Definitions
      At line 20 in file ucos2\Ports\os_cpu_a.s
   Uses
      At line 35 in file ucos2\Ports\os_cpu_a.s
Comment: SCB_PRI_REG_PENDSV used once
4 symbols



ARM Macro Assembler    Page 1 Alphabetic symbol ordering
External symbols

OSIntEnter 00000000

Symbol: OSIntEnter
   Definitions
      At line 8 in file ucos2\Ports\os_cpu_a.s
   Uses
      At line 160 in file ucos2\Ports\os_cpu_a.s
Comment: OSIntEnter used once
OSIntExit 00000000

Symbol: OSIntExit
   Definitions
      At line 7 in file ucos2\Ports\os_cpu_a.s
   Uses
      At line 186 in file ucos2\Ports\os_cpu_a.s
      At line 199 in file ucos2\Ports\os_cpu_a.s

OSIntNesting 00000000

Symbol: OSIntNesting
   Definitions
      At line 9 in file ucos2\Ports\os_cpu_a.s
   Uses
      At line 171 in file ucos2\Ports\os_cpu_a.s
Comment: OSIntNesting used once
OSPrioCur 00000000

Symbol: OSPrioCur
   Definitions
      At line 2 in file ucos2\Ports\os_cpu_a.s
   Uses
      At line 102 in file ucos2\Ports\os_cpu_a.s
Comment: OSPrioCur used once
OSPrioHighRdy 00000000

Symbol: OSPrioHighRdy
   Definitions
      At line 3 in file ucos2\Ports\os_cpu_a.s
   Uses
      At line 103 in file ucos2\Ports\os_cpu_a.s
Comment: OSPrioHighRdy used once
OSRunning 00000000

Symbol: OSRunning
   Definitions
      At line 1 in file ucos2\Ports\os_cpu_a.s
   Uses
      At line 44 in file ucos2\Ports\os_cpu_a.s
Comment: OSRunning used once
OSTCBCur 00000000

Symbol: OSTCBCur
   Definitions
      At line 5 in file ucos2\Ports\os_cpu_a.s
   Uses
      At line 56 in file ucos2\Ports\os_cpu_a.s
      At line 90 in file ucos2\Ports\os_cpu_a.s
      At line 109 in file ucos2\Ports\os_cpu_a.s
      At line 182 in file ucos2\Ports\os_cpu_a.s



ARM Macro Assembler    Page 2 Alphabetic symbol ordering
External symbols


OSTCBHighRdy 00000000

Symbol: OSTCBHighRdy
   Definitions
      At line 4 in file ucos2\Ports\os_cpu_a.s
   Uses
      At line 108 in file ucos2\Ports\os_cpu_a.s
Comment: OSTCBHighRdy used once
OSTimeTick 00000000

Symbol: OSTimeTick
   Definitions
      At line 6 in file ucos2\Ports\os_cpu_a.s
   Uses
      At line 185 in file ucos2\Ports\os_cpu_a.s
      At line 198 in file ucos2\Ports\os_cpu_a.s

SYSVIEW_TaskSwitchedIn 00000000

Symbol: SYSVIEW_TaskSwitchedIn
   Definitions
      At line 10 in file ucos2\Ports\os_cpu_a.s
   Uses
      At line 116 in file ucos2\Ports\os_cpu_a.s
Comment: SYSVIEW_TaskSwitchedIn used once
10 symbols
360 symbols in table
